<?xml version="1.0" encoding="UTF-8" ?>
<testsuite tests="4" failures="0" name="com.yihaomen.test.TestTest" time="0.781" errors="0" skipped="0">
  <properties>
[...]
</properties>
  <testcase classname="com.yihaomen.test.TestTest" name="addUser" time="0.781"/>
  <testcase classname="com.yihaomen.test.TestTest" name="getUserArticles" time="0"/>
  <testcase classname="com.yihaomen.test.TestTest" name="updateUser" time="0"/>
  <testcase classname="com.yihaomen.test.TestTest" name="deleteUser" time="0"/>
</testsuite>